<?xml version="1.0" encoding="UTF-8"?>
<testng-results ignored="0" total="2" passed="2" failed="0" skipped="0">
  <reporter-output>
  </reporter-output>
  <suite started-at="2024-02-28T17:30:29 PST" name="Suite" finished-at="2024-02-28T17:30:50 PST" duration-ms="20877">
    <groups>
    </groups>
    <test started-at="2024-02-28T17:30:29 PST" name="Test" finished-at="2024-02-28T17:30:50 PST" duration-ms="20877">
      <class name="manipal2.DataDrivenTesting.ReadExcel">
        <test-method signature="fblogin()[pri:0, instance:manipal2.DataDrivenTesting.ReadExcel@399f45b1]" started-at="2024-02-28T17:30:29 PST" name="fblogin" finished-at="2024-02-28T17:30:43 PST" duration-ms="13910" status="PASS">
          <reporter-output>
          </reporter-output>
        </test-method> <!-- fblogin -->
      </class> <!-- manipal2.DataDrivenTesting.ReadExcel -->
      <class name="manipal2.DataDrivenTesting.WriteToExcel">
        <test-method signature="fblogin()[pri:0, instance:manipal2.DataDrivenTesting.WriteToExcel@49ec71f8]" started-at="2024-02-28T17:30:43 PST" name="fblogin" finished-at="2024-02-28T17:30:50 PST" duration-ms="6858" status="PASS">
          <reporter-output>
          </reporter-output>
        </test-method> <!-- fblogin -->
      </class> <!-- manipal2.DataDrivenTesting.WriteToExcel -->
    </test> <!-- Test -->
  </suite> <!-- Suite -->
</testng-results>
